[2019-08-30 10:27:17][1964:384890850:1567132036][][2 soft_id:527932 site_id:uzzf version:20200]
[2019-08-30 10:27:20][31757:666821805:1567132040][][2 soft_id:527932 site_id:uzzf version:20200]
[2019-08-30 10:27:20][5679:1064700586:1567132040][][2 soft_id:527932 site_id:uzzf version:20200]
[2019-08-30 10:27:20][3045:1975353341:1567132040][][2 soft_id:527932 site_id:uzzf version:20200]
[2019-08-30 10:27:20][837:1556014487:1567132040][][2 soft_id:527932 site_id:uzzf version:20200]
[2019-08-30 10:27:20][3030:1455492453:1567132040][][2 soft_id:527932 site_id:uzzf version:20200]
[2019-08-30 10:27:21][2319:1498010621:1567132041][][2 soft_id:527932 site_id:uzzf version:20200]
[2019-08-30 10:27:21][4488:885049284:1567132041][][2 soft_id:527932 site_id:uzzf version:20200]
[2019-08-30 11:19:56][3336:835196846:1567135196][][2 soft_id:544610 site_id:uzzf version:20100]
[2019-08-30 11:19:57][5028:1438975304:1567135197][][2 soft_id:544610 site_id:uzzf version:20100]
[2019-08-30 11:19:58][2750:1757074561:1567135198][][2 soft_id:544610 site_id:uzzf version:20100]
[2019-08-30 11:19:58][4065:1801348325:1567135198][][2 soft_id:544610 site_id:uzzf version:20100]
[2019-08-30 11:19:58][1448:532267820:1567135198][][2 soft_id:544610 site_id:uzzf version:20100]
[2019-08-30 11:19:58][5150:578753154:1567135198][][2 soft_id:544610 site_id:uzzf version:20100]
[2019-08-30 11:19:58][3886:592332734:1567135198][][2 soft_id:544610 site_id:uzzf version:20100]
[2019-08-30 11:19:58][2964:760992252:1567135198][][2 soft_id:544610 site_id:uzzf version:20100]
[2019-08-30 11:19:58][3643:475890315:1567135198][][2 soft_id:544610 site_id:uzzf version:20100]
[2019-08-30 11:20:00][2661:1149031390:1567135200][][2 soft_id:544610 site_id:uzzf version:20100]
[2019-08-30 11:25:41][2377:448412036:1567135541][][2 soft_id:434799 site_id:5577 version:20100]
[2019-08-30 11:25:43][3212:1603585254:1567135543][][2 soft_id:434799 site_id:5577 version:20100]
[2019-08-30 11:25:43][1985:1483163158:1567135543][][2 soft_id:434799 site_id:5577 version:20100]
[2019-08-30 11:25:43][2588:1472471971:1567135543][][2 soft_id:434799 site_id:5577 version:20100]
[2019-08-30 11:25:43][5150:795272096:1567135543][][2 soft_id:434799 site_id:5577 version:20100]
[2019-08-30 11:25:43][4488:5230238:1567135543][][2 soft_id:434799 site_id:5577 version:20100]
[2019-08-30 11:25:43][3558:1049072624:1567135543][][2 soft_id:434799 site_id:5577 version:20100]
[2019-08-30 11:25:43][6727:1230038792:1567135543][][2 soft_id:434799 site_id:5577 version:20100]
[2019-08-30 11:25:44][32223:1710879393:1567135544][][2 soft_id:434799 site_id:5577 version:20100]
[2019-08-30 11:25:44][1247:441694936:1567135544][][2 soft_id:434799 site_id:5577 version:20100]
[2019-08-30 12:03:31][20876:669888200:1567137811][][2 soft_id:884428 site_id:cr173 version:20200]
[2019-08-30 12:03:33][17456:202116488:1567137813][][2 soft_id:884428 site_id:cr173 version:20200]
[2019-08-30 12:03:33][16698:1214844990:1567137813][][2 soft_id:884428 site_id:cr173 version:20200]
[2019-08-30 12:03:33][18779:687215993:1567137813][][2 soft_id:884428 site_id:cr173 version:20200]
[2019-08-30 12:03:33][20990:923787087:1567137813][][2 soft_id:884428 site_id:cr173 version:20200]
[2019-08-30 12:03:33][18773:2005114395:1567137813][][2 soft_id:884428 site_id:cr173 version:20200]
[2019-08-30 12:03:33][17107:792053221:1567137813][][2 soft_id:884428 site_id:cr173 version:20200]
[2019-08-30 12:03:33][20873:1392171716:1567137813][][2 soft_id:884428 site_id:cr173 version:20200]
[2019-08-30 12:03:35][16202:374063336:1567137815][][2 soft_id:884428 site_id:cr173 version:20200]
[2019-08-30 12:03:47][19877:551858509:1567137827][][2 soft_id:884428 site_id:cr173 version:20200]
[2019-08-30 12:03:48][17965:785674749:1567137828][][2 soft_id:884428 site_id:cr173 version:20200]
[2019-08-30 12:03:50][17107:1871256134:1567137830][][2 soft_id:884428 site_id:cr173 version:20200]
[2019-08-30 12:03:51][18542:1562023021:1567137831][][2 soft_id:884428 site_id:cr173 version:20200]
[2019-08-30 12:03:54][20001:189958596:1567137834][][2 soft_id:884428 site_id:cr173 version:20200]
[2019-08-30 12:03:55][20567:1750741534:1567137835][][2 soft_id:884428 site_id:cr173 version:20200]
[2019-08-30 12:03:56][18097:905922045:1567137836][][2 soft_id:884428 site_id:cr173 version:20200]
[2019-08-30 12:04:01][18440:84575543:1567137841][][2 soft_id:884428 site_id:cr173 version:20200]
[2019-08-30 12:04:01][16334:431384404:1567137841][][2 soft_id:884428 site_id:cr173 version:20200]
[2019-08-30 12:04:33][18415:889686207:1567137873][][2 soft_id:884428 site_id:cr173 version:20200]
[2019-08-30 12:04:33][18097:847684224:1567137873][][2 soft_id:884428 site_id:cr173 version:20200]
[2019-08-30 12:04:33][20129:1679698845:1567137873][][2 soft_id:884428 site_id:cr173 version:20200]
[2019-08-30 12:04:37][17139:1074993875:1567137877][][2 soft_id:884428 site_id:cr173 version:20200]
[2019-08-30 12:04:37][18728:1892597114:1567137877][][2 soft_id:884428 site_id:cr173 version:20200]
[2019-08-30 12:04:41][16334:715507639:1567137881][][2 soft_id:884428 site_id:cr173 version:20200]
[2019-08-30 12:04:41][20001:490799752:1567137881][][2 soft_id:884428 site_id:cr173 version:20200]
[2019-08-30 12:04:49][17587:1527116949:1567137889][][2 soft_id:884428 site_id:cr173 version:20200]
[2019-08-30 12:04:49][18500:1255353546:1567137889][][2 soft_id:884428 site_id:cr173 version:20200]
[2019-08-30 12:04:51][14638:2009885734:1567137891][][2 soft_id:884428 site_id:cr173 version:20200]
[2019-08-30 12:04:51][18939:311171507:1567137891][][2 soft_id:884428 site_id:cr173 version:20200]
[2019-08-30 12:04:51][17959:1852914504:1567137891][][2 soft_id:884428 site_id:cr173 version:20200]
[2019-08-30 12:05:01][20439:318776117:1567137901][][2 soft_id:884428 site_id:cr173 version:20200]
[2019-08-30 12:05:01][17902:764880295:1567137901][][2 soft_id:884428 site_id:cr173 version:20200]
[2019-08-30 12:05:08][16257:45974742:1567137908][][2 soft_id:884428 site_id:cr173 version:20200]
[2019-08-30 12:05:08][17870:328895525:1567137908][][2 soft_id:884428 site_id:cr173 version:20200]
[2019-08-30 12:05:11][21992:1638343565:1567137911][][2 soft_id:884428 site_id:cr173 version:20200]
[2019-08-30 12:05:11][16562:1489945364:1567137911][][2 soft_id:884428 site_id:cr173 version:20200]
[2019-08-30 12:05:13][22199:1164680168:1567137913][][2 soft_id:884428 site_id:cr173 version:20200]
[2019-08-30 12:05:15][18282:903615104:1567137915][][2 soft_id:884428 site_id:cr173 version:20200]
[2019-08-30 12:05:18][21109:525770108:1567137918][][2 soft_id:884428 site_id:cr173 version:20200]
[2019-08-30 12:05:23][15661:560722146:1567137923][][2 soft_id:884428 site_id:cr173 version:20200]
[2019-08-30 12:05:23][16029:2122596410:1567137923][][2 soft_id:884428 site_id:cr173 version:20200]
[2019-08-30 12:05:26][17474:2044775775:1567137926][][2 soft_id:884428 site_id:cr173 version:20200]
[2019-08-30 12:05:27][18701:373016115:1567137927][][2 soft_id:884428 site_id:cr173 version:20200]
[2019-08-30 12:05:27][19855:1507378822:1567137927][][2 soft_id:884428 site_id:cr173 version:20200]
[2019-08-30 12:05:32][17316:49234491:1567137932][][2 soft_id:884428 site_id:cr173 version:20200]
[2019-08-30 12:05:37][17526:1362093185:1567137937][][2 soft_id:884428 site_id:cr173 version:20200]
[2019-08-30 12:05:37][17902:178605151:1567137937][][2 soft_id:884428 site_id:cr173 version:20200]
[2019-08-30 12:05:40][16698:1143216819:1567137940][][2 soft_id:884428 site_id:cr173 version:20200]
[2019-08-30 12:05:41][15351:1306112194:1567137941][][2 soft_id:884428 site_id:cr173 version:20200]
[2019-08-30 12:05:47][18853:428179895:1567137947][][2 soft_id:884428 site_id:cr173 version:20200]
[2019-08-30 12:05:50][22199:322276942:1567137950][][2 soft_id:884428 site_id:cr173 version:20200]
[2019-08-30 12:05:52][17828:1859415720:1567137952][][2 soft_id:884428 site_id:cr173 version:20200]
[2019-08-30 12:05:55][16257:1695979275:1567137955][][2 soft_id:884428 site_id:cr173 version:20200]
[2019-08-30 12:05:57][18776:630748421:1567137957][][2 soft_id:884428 site_id:cr173 version:20200]
[2019-08-30 12:06:00][18694:77115233:1567137960][][2 soft_id:884428 site_id:cr173 version:20200]
[2019-08-30 12:06:00][16750:306252537:1567137960][][2 soft_id:884428 site_id:cr173 version:20200]
[2019-08-30 12:06:02][18701:585384237:1567137962][][2 soft_id:884428 site_id:cr173 version:20200]
[2019-08-30 12:06:03][19022:1289964232:1567137963][][2 soft_id:884428 site_id:cr173 version:20200]
[2019-08-30 12:06:10][17363:629693174:1567137970][][2 soft_id:884428 site_id:cr173 version:20200]
[2019-08-30 12:10:02][21151:442453211:1567138202][][2 soft_id:884428 site_id:cr173 version:20200]
[2019-08-30 12:10:02][18119:2128718681:1567138202][][2 soft_id:884428 site_id:cr173 version:20200]
[2019-08-30 12:10:02][17224:946868305:1567138202][][2 soft_id:884428 site_id:cr173 version:20200]
[2019-08-30 12:11:04][18086:197456080:1567138264][][2 soft_id:884428 site_id:cr173 version:20200]
[2019-08-30 12:11:04][17066:1954874257:1567138264][][2 soft_id:884428 site_id:cr173 version:20200]
[2019-08-30 12:11:15][17066:1600423377:1567138275][][2 soft_id:884428 site_id:cr173 version:20200]
[2019-08-30 12:16:11][16547:1983093580:1567138571][][2 soft_id:884428 site_id:cr173 version:20200]
[2019-08-30 12:16:11][17587:1506786325:1567138571][][2 soft_id:884428 site_id:cr173 version:20200]
[2019-08-30 12:16:11][17993:1231741047:1567138571][][2 soft_id:884428 site_id:cr173 version:20200]
[2019-08-30 12:16:47][18509:1843420108:1567138607][][2 soft_id:884428 site_id:cr173 version:20200]
[2019-08-30 12:16:54][20967:420382509:1567138614][][2 soft_id:884428 site_id:cr173 version:20200]
[2019-08-30 12:16:54][17526:65620692:1567138614][][2 soft_id:884428 site_id:cr173 version:20200]
[2019-08-30 12:16:56][17486:1439349854:1567138616][][2 soft_id:884428 site_id:cr173 version:20200]
[2019-08-30 12:17:04][18902:552559122:1567138624][][2 soft_id:884428 site_id:cr173 version:20200]
[2019-08-30 12:17:10][18805:1701167088:1567138630][][2 soft_id:884428 site_id:cr173 version:20200]
[2019-08-30 12:17:10][16547:325838211:1567138630][][2 soft_id:884428 site_id:cr173 version:20200]
[2019-08-30 12:17:12][20739:341208635:1567138632][][2 soft_id:884428 site_id:cr173 version:20200]
[2019-08-30 12:17:17][18379:1615034347:1567138637][][2 soft_id:884428 site_id:cr173 version:20200]
[2019-08-30 12:17:17][19334:1591145482:1567138637][][2 soft_id:884428 site_id:cr173 version:20200]
[2019-08-30 12:17:29][18801:1993582661:1567138649][][2 soft_id:884428 site_id:cr173 version:20200]
[2019-08-30 12:17:29][17515:1232169363:1567138649][][2 soft_id:884428 site_id:cr173 version:20200]
[2019-08-30 12:17:34][17583:1046700110:1567138654][][2 soft_id:884428 site_id:cr173 version:20200]
[2019-08-30 12:17:34][18295:2082005152:1567138654][][2 soft_id:884428 site_id:cr173 version:20200]
[2019-08-30 12:17:34][20230:472443578:1567138654][][2 soft_id:884428 site_id:cr173 version:20200]
[2019-08-30 12:17:39][17651:1978474276:1567138659][][2 soft_id:884428 site_id:cr173 version:20200]
[2019-08-30 12:17:42][21151:1888365428:1567138662][][2 soft_id:884428 site_id:cr173 version:20200]
[2019-08-30 12:18:32][16319:1017617348:1567138711][][2 soft_id:547450 site_id:uzzf version:20200]
[2019-08-30 12:18:34][17526:562344128:1567138714][][2 soft_id:547450 site_id:uzzf version:20200]
[2019-08-30 12:18:38][18097:1225599739:1567138718][][2 soft_id:547450 site_id:uzzf version:20200]
[2019-08-30 12:18:39][17651:1826264600:1567138719][][2 soft_id:547450 site_id:uzzf version:20200]
[2019-08-30 12:18:40][17798:686552687:1567138720][][2 soft_id:547450 site_id:uzzf version:20200]
[2019-08-30 12:18:40][16772:617679053:1567138720][][2 soft_id:547450 site_id:uzzf version:20200]
[2019-08-30 12:24:12][18390:691510553:1567139052][][2 soft_id:411247 site_id:5577 version:20200]
[2019-08-30 12:24:25][17139:451062408:1567139065][][2 soft_id:332975 site_id:289 version:10000]
[2019-08-30 12:24:27][16002:137576097:1567139066][][2 soft_id:332975 site_id:289 version:10000]
[2019-08-30 12:24:27][18701:2011131253:1567139067][][2 soft_id:332975 site_id:289 version:10000]
[2019-08-30 12:24:27][19566:693661945:1567139067][][2 soft_id:332975 site_id:289 version:10000]
[2019-08-30 12:25:47][18901:2087991871:1567139147][][2 soft_id:15891 site_id:ssk version:10000]
[2019-08-30 12:25:50][17913:893120557:1567139150][][2 soft_id:15891 site_id:ssk version:10000]
[2019-08-30 12:25:50][17964:2099114886:1567139150][][2 soft_id:15891 site_id:ssk version:10000]
[2019-08-30 12:26:41][19030:1171224154:1567139201][][2 soft_id:440847 site_id:5577 version:20200]
[2019-08-30 12:26:43][17515:2025873793:1567139203][][2 soft_id:440847 site_id:5577 version:20200]
[2019-08-30 12:26:44][15394:1568740981:1567139204][][2 soft_id:440847 site_id:5577 version:20200]
[2019-08-30 12:26:44][20875:804651140:1567139204][][2 soft_id:440847 site_id:5577 version:20200]
[2019-08-30 12:26:44][16257:1897572536:1567139204][][2 soft_id:440847 site_id:5577 version:20200]
[2019-08-30 12:26:44][17316:1330891997:1567139204][][2 soft_id:440847 site_id:5577 version:20200]
[2019-08-30 12:26:44][18119:457142195:1567139204][][2 soft_id:440847 site_id:5577 version:20200]
[2019-08-30 12:26:45][16913:2132517327:1567139205][][2 soft_id:440847 site_id:5577 version:20200]
[2019-08-30 12:26:46][19865:1388952640:1567139206][][2 soft_id:440847 site_id:5577 version:20200]
[2019-08-30 12:28:16][17798:287866129:1567139296][][2 soft_id:422034 site_id:qqtn version:10000]
[2019-08-30 12:28:18][17842:1599035235:1567139298][][2 soft_id:422034 site_id:qqtn version:10000]
[2019-08-30 12:29:17][18126:1045112801:1567139357][][2 soft_id:532862 site_id:uzzf version:20200]
[2019-08-30 12:29:20][15336:824871643:1567139360][][2 soft_id:532862 site_id:uzzf version:20200]
[2019-08-30 12:29:20][16913:347775319:1567139360][][2 soft_id:532862 site_id:uzzf version:20200]
[2019-08-30 12:29:21][19667:184176658:1567139361][][2 soft_id:532862 site_id:uzzf version:20200]
[2019-08-30 12:29:21][17556:728391574:1567139361][][2 soft_id:532862 site_id:uzzf version:20200]
[2019-08-30 12:29:21][16002:221497370:1567139361][][2 soft_id:532862 site_id:uzzf version:20200]
[2019-08-30 12:29:21][17902:702934863:1567139361][][2 soft_id:532862 site_id:uzzf version:20200]
[2019-08-30 12:29:21][17870:530156548:1567139361][][2 soft_id:532862 site_id:uzzf version:20200]
[2019-08-30 12:29:21][18701:1563855473:1567139361][][2 soft_id:532862 site_id:uzzf version:20200]
[2019-08-30 12:30:08][18532:784537419:1567139408][][2 soft_id:2490 site_id:upkao version:20200]
[2019-08-30 12:30:09][19348:185428599:1567139409][][2 soft_id:2490 site_id:upkao version:20200]
[2019-08-30 12:30:09][18932:220356135:1567139409][][2 soft_id:2490 site_id:upkao version:20200]
[2019-08-30 12:30:09][19865:799110047:1567139409][][2 soft_id:2490 site_id:upkao version:20200]
[2019-08-30 12:30:09][19566:2049885910:1567139409][][2 soft_id:2490 site_id:upkao version:20200]
[2019-08-30 12:30:10][17959:409019930:1567139410][][2 soft_id:2490 site_id:upkao version:20200]
[2019-08-30 12:30:10][18853:1711083279:1567139410][][2 soft_id:2490 site_id:upkao version:20200]
[2019-08-30 12:30:41][20967:1055632094:1567139441][][2 soft_id:433956 site_id:qqtn version:10300]
[2019-08-30 12:30:41][16607:1879595078:1567139441][][2 soft_id:433956 site_id:qqtn version:10300]
[2019-08-30 12:30:43][18295:1683820300:1567139443][][2 soft_id:433956 site_id:qqtn version:10300]
[2019-08-30 12:30:43][21992:484138742:1567139443][][2 soft_id:433956 site_id:qqtn version:10300]
[2019-08-30 12:30:43][18086:1133186338:1567139443][][2 soft_id:433956 site_id:qqtn version:10300]
[2019-08-30 12:30:43][17777:1408042032:1567139443][][2 soft_id:433956 site_id:qqtn version:10300]
[2019-08-30 12:30:43][18919:1074773288:1567139443][][2 soft_id:433956 site_id:qqtn version:10300]
[2019-08-30 12:30:43][17553:1951902871:1567139443][][2 soft_id:433956 site_id:qqtn version:10300]
[2019-08-30 12:31:26][16750:1799069590:1567139486][][2 soft_id:549185 site_id:uzzf version:20200]
[2019-08-30 12:31:28][17486:1886231528:1567139487][][2 soft_id:549185 site_id:uzzf version:20200]
[2019-08-30 12:31:28][18779:1771572967:1567139488][][2 soft_id:549185 site_id:uzzf version:20200]
[2019-08-30 12:31:28][15646:1621528148:1567139488][][2 soft_id:549185 site_id:uzzf version:20200]
[2019-08-30 12:31:28][18542:646492916:1567139488][][2 soft_id:549185 site_id:uzzf version:20200]
[2019-08-30 12:31:29][19855:549208427:1567139489][][2 soft_id:549185 site_id:uzzf version:20200]
[2019-08-30 12:31:29][16660:20118050:1567139489][][2 soft_id:549185 site_id:uzzf version:20200]
[2019-08-30 12:31:29][16202:233829338:1567139489][][2 soft_id:549185 site_id:uzzf version:20200]
[2019-08-30 12:31:29][17638:82243496:1567139489][][2 soft_id:549185 site_id:uzzf version:20200]
[2019-08-30 12:31:31][19179:637824189:1567139491][][2 soft_id:549185 site_id:uzzf version:20200]
[2019-08-30 12:32:17][21151:1772432219:1567139537][][2 soft_id:332951 site_id:289 version:10000]
[2019-08-30 12:32:18][17959:887116366:1567139538][][2 soft_id:332951 site_id:289 version:10000]
[2019-08-30 12:32:19][16607:1072577830:1567139539][][2 soft_id:332951 site_id:289 version:10000]
[2019-08-30 12:32:19][20967:320982473:1567139539][][2 soft_id:332951 site_id:289 version:10000]
[2019-08-30 12:32:19][19517:1293183683:1567139539][][2 soft_id:439933 site_id:5577 version:20200]
[2019-08-30 12:32:20][16562:2111380687:1567139540][][2 soft_id:439933 site_id:5577 version:20200]
[2019-08-30 12:32:21][18415:155760625:1567139541][][2 soft_id:439933 site_id:5577 version:20200]
[2019-08-30 12:32:21][18086:40062028:1567139541][][2 soft_id:439933 site_id:5577 version:20200]
[2019-08-30 12:32:21][19535:661833576:1567139541][][2 soft_id:439933 site_id:5577 version:20200]
[2019-08-30 12:32:21][19016:183224902:1567139541][][2 soft_id:439933 site_id:5577 version:20200]
[2019-08-30 12:32:21][22199:1134507322:1567139541][][2 soft_id:439933 site_id:5577 version:20200]
[2019-08-30 12:32:21][16029:319963736:1567139541][][2 soft_id:439933 site_id:5577 version:20200]
[2019-08-30 12:32:22][17971:405295961:1567139542][][2 soft_id:439933 site_id:5577 version:20200]
[2019-08-30 12:32:24][19599:1497328600:1567139544][][2 soft_id:439933 site_id:5577 version:20200]
[2019-08-30 12:33:43][17828:1626113208:1567139623][][2 soft_id:1117307 site_id:aiskycn version:10000]
[2019-08-30 12:33:44][18932:811695483:1567139624][][2 soft_id:1117307 site_id:aiskycn version:10000]
[2019-08-30 12:33:45][20739:2093720629:1567139625][][2 soft_id:1117307 site_id:aiskycn version:10000]
[2019-08-30 12:33:45][17456:1875661440:1567139625][][2 soft_id:1117307 site_id:aiskycn version:10000]
[2019-08-30 12:34:59][17609:1485956090:1567139699][][2 soft_id:545296 site_id:uzzf version:20100]
[2019-08-30 12:35:00][17416:845789887:1567139700][][2 soft_id:545296 site_id:uzzf version:20100]
[2019-08-30 12:35:01][18548:1564444996:1567139701][][2 soft_id:545296 site_id:uzzf version:20100]
[2019-08-30 12:35:01][18987:744653235:1567139701][][2 soft_id:545296 site_id:uzzf version:20100]
[2019-08-30 12:35:03][17640:528138290:1567139703][][2 soft_id:321741 site_id:289 version:20200]
[2019-08-30 12:35:09][19201:1333587913:1567139709][][2 soft_id:321741 site_id:289 version:20200]
[2019-08-30 12:37:17][17638:2102066840:1567139837][][2 soft_id:432944 site_id:5577 version:20001]
[2019-08-30 12:37:18][17828:1503622214:1567139838][][2 soft_id:432944 site_id:5577 version:20001]
[2019-08-30 12:37:19][15351:344298340:1567139839][][2 soft_id:432944 site_id:5577 version:20001]
[2019-08-30 12:37:19][17456:242456875:1567139839][][2 soft_id:432944 site_id:5577 version:20001]
[2019-08-30 12:37:20][19566:1570380540:1567139840][][2 soft_id:432944 site_id:5577 version:20001]
[2019-08-30 12:37:20][16607:1417979825:1567139840][][2 soft_id:432944 site_id:5577 version:20001]
[2019-08-30 12:37:20][17556:1948730199:1567139840][][2 soft_id:432944 site_id:5577 version:20001]
[2019-08-30 12:37:20][17793:1880920085:1567139840][][2 soft_id:432944 site_id:5577 version:20001]
[2019-08-30 12:37:21][18295:229449321:1567139841][][2 soft_id:432944 site_id:5577 version:20001]
[2019-08-30 12:37:30][17679:1784011680:1567139850][][2 soft_id:16539 site_id:ssk version:20100]
[2019-08-30 12:37:32][19680:57587368:1567139852][][2 soft_id:16539 site_id:ssk version:20100]
[2019-08-30 12:37:32][21151:1573140549:1567139852][][2 soft_id:16539 site_id:ssk version:20100]
[2019-08-30 12:37:32][17416:1942387869:1567139852][][2 soft_id:16539 site_id:ssk version:20100]
[2019-08-30 12:37:32][17464:160650437:1567139852][][2 soft_id:16539 site_id:ssk version:20100]
[2019-08-30 12:37:32][18098:1429346952:1567139852][][2 soft_id:16539 site_id:ssk version:20100]
[2019-08-30 12:37:33][18926:1998573309:1567139853][][2 soft_id:16539 site_id:ssk version:20100]
[2019-08-30 12:37:33][17066:799418893:1567139853][][2 soft_id:16539 site_id:ssk version:20100]
[2019-08-30 12:37:33][19865:875375372:1567139853][][2 soft_id:16539 site_id:ssk version:20100]
[2019-08-30 12:37:36][18656:1651404164:1567139856][][2 soft_id:16539 site_id:ssk version:20100]
[2019-08-30 12:40:56][16202:2060432134:1567140055][][2 soft_id:306893 site_id:5577 version:20200]
[2019-08-30 12:40:56][19599:677690:1567140056][][2 soft_id:306893 site_id:5577 version:20200]
[2019-08-30 12:41:55][17515:785692144:1567140115][][2 soft_id:338754 site_id:289 version:10300]
[2019-08-30 12:41:56][17553:1466466928:1567140116][][2 soft_id:338754 site_id:289 version:10300]
[2019-08-30 12:41:57][18126:1488382388:1567140117][][2 soft_id:338754 site_id:289 version:10300]
[2019-08-30 12:41:57][15661:700360934:1567140117][][2 soft_id:338754 site_id:289 version:10300]
[2019-08-30 12:41:57][17223:1909277664:1567140117][][2 soft_id:338754 site_id:289 version:10300]
[2019-08-30 12:41:57][18939:1946935524:1567140117][][2 soft_id:338754 site_id:289 version:10300]
[2019-08-30 12:41:57][18097:201900572:1567140117][][2 soft_id:338754 site_id:289 version:10300]
[2019-08-30 12:41:58][18542:98321353:1567140118][][2 soft_id:338754 site_id:289 version:10300]
[2019-08-30 12:42:03][18472:923957535:1567140123][][2 soft_id:472182 site_id:k73 version:20100]
[2019-08-30 12:42:05][19577:1873183179:1567140125][][2 soft_id:472182 site_id:k73 version:20100]
[2019-08-30 12:42:06][17587:33118324:1567140126][][2 soft_id:472182 site_id:k73 version:20100]
[2019-08-30 12:42:06][20315:916673034:1567140126][][2 soft_id:472182 site_id:k73 version:20100]
[2019-08-30 12:42:06][17640:859855434:1567140126][][2 soft_id:472182 site_id:k73 version:20100]
[2019-08-30 12:42:06][16916:1072122615:1567140126][][2 soft_id:472182 site_id:k73 version:20100]
[2019-08-30 12:42:06][15336:1425812867:1567140126][][2 soft_id:472182 site_id:k73 version:20100]
[2019-08-30 12:42:06][20873:453599063:1567140126][][2 soft_id:472182 site_id:k73 version:20100]
[2019-08-30 12:42:06][17071:930229672:1567140126][][2 soft_id:472182 site_id:k73 version:20100]
[2019-08-30 12:42:08][18282:1531270321:1567140128][][2 soft_id:472182 site_id:k73 version:20100]
[2019-08-30 12:42:40][19680:971058595:1567140160][][2 soft_id:424028 site_id:5577 version:10300]
[2019-08-30 12:42:41][17583:405662106:1567140161][][2 soft_id:424028 site_id:5577 version:10300]
[2019-08-30 12:42:43][18773:80179705:1567140163][][2 soft_id:424028 site_id:5577 version:10300]
[2019-08-30 12:42:43][21983:1838772112:1567140163][][2 soft_id:424028 site_id:5577 version:10300]
[2019-08-30 12:42:43][22199:982094770:1567140163][][2 soft_id:424028 site_id:5577 version:10300]
[2019-08-30 12:42:44][18779:472251116:1567140164][][2 soft_id:424028 site_id:5577 version:10300]
[2019-08-30 12:42:44][18390:570647157:1567140164][][2 soft_id:424028 site_id:5577 version:10300]
[2019-08-30 12:42:44][17035:502669672:1567140164][][2 soft_id:424028 site_id:5577 version:10300]
[2019-08-30 12:43:45][18347:1358221193:1567140225][][2 soft_id:522553 site_id:uzzf version:10000]
[2019-08-30 12:43:47][19566:1515961628:1567140226][][2 soft_id:522553 site_id:uzzf version:10000]
[2019-08-30 12:43:47][19306:2008042406:1567140227][][2 soft_id:522553 site_id:uzzf version:10000]
[2019-08-30 12:43:47][19260:1676097719:1567140227][][2 soft_id:522553 site_id:uzzf version:10000]
[2019-08-30 12:45:27][18987:515877478:1567140327][][2 soft_id:344863 site_id:289 version:20100]
[2019-08-30 12:45:29][17066:672099538:1567140328][][2 soft_id:344863 site_id:289 version:20100]
[2019-08-30 12:45:29][17842:705005607:1567140329][][2 soft_id:344863 site_id:289 version:20100]
[2019-08-30 12:45:29][18440:1701692326:1567140329][][2 soft_id:344863 site_id:289 version:20100]
[2019-08-30 12:45:29][16029:639294693:1567140329][][2 soft_id:344863 site_id:289 version:20100]
[2019-08-30 12:45:29][16562:1871424725:1567140329][][2 soft_id:344863 site_id:289 version:20100]
[2019-08-30 12:45:29][19517:268812279:1567140329][][2 soft_id:344863 site_id:289 version:20100]
[2019-08-30 12:45:30][21992:971610574:1567140330][][2 soft_id:344863 site_id:289 version:20100]
[2019-08-30 12:45:30][20633:1196558728:1567140330][][2 soft_id:344863 site_id:289 version:20100]
[2019-08-30 12:45:31][22689:958662130:1567140331][][2 soft_id:344863 site_id:289 version:20100]
[2019-08-30 12:45:42][17316:1085815566:1567140342][][2 soft_id:394286 site_id:qqtn version:10400]
[2019-08-30 12:45:44][16750:566959929:1567140344][][2 soft_id:394286 site_id:qqtn version:10400]
[2019-08-30 12:48:47][19711:925435422:1567140527][][2 soft_id:441244 site_id:5577 version:20200]
[2019-08-30 12:48:48][17870:1027328556:1567140528][][2 soft_id:441244 site_id:5577 version:20200]
[2019-08-30 12:48:49][17609:108690441:1567140529][][2 soft_id:441244 site_id:5577 version:20200]
[2019-08-30 12:48:49][17223:1671600679:1567140529][][2 soft_id:441244 site_id:5577 version:20200]
[2019-08-30 12:48:49][19756:1598948595:1567140529][][2 soft_id:441244 site_id:5577 version:20200]
[2019-08-30 12:48:49][18932:96793663:1567140529][][2 soft_id:441244 site_id:5577 version:20200]
[2019-08-30 12:48:49][20230:1905531114:1567140529][][2 soft_id:441244 site_id:5577 version:20200]
[2019-08-30 12:48:49][17084:1667908320:1567140529][][2 soft_id:441244 site_id:5577 version:20200]
[2019-08-30 12:48:50][16017:772376749:1567140530][][2 soft_id:441244 site_id:5577 version:20200]
[2019-08-30 12:48:52][18902:1859986392:1567140532][][2 soft_id:441244 site_id:5577 version:20200]
[2019-08-30 12:50:29][20739:1743372818:1567140629][][2 soft_id:428387 site_id:5577 version:10400]
[2019-08-30 12:50:30][18132:1763665729:1567140630][][2 soft_id:428387 site_id:5577 version:10400]
[2019-08-30 12:50:31][16002:251383970:1567140631][][2 soft_id:428387 site_id:5577 version:10400]
[2019-08-30 12:50:31][20001:565523456:1567140631][][2 soft_id:428387 site_id:5577 version:10400]
[2019-08-30 12:50:31][20170:881647269:1567140631][][2 soft_id:428387 site_id:5577 version:10400]
[2019-08-30 12:50:31][16750:1024908086:1567140631][][2 soft_id:428387 site_id:5577 version:10400]
[2019-08-30 12:50:31][19877:1076066641:1567140631][][2 soft_id:428387 site_id:5577 version:10400]
[2019-08-30 12:50:32][17486:763730909:1567140632][][2 soft_id:428387 site_id:5577 version:10400]
[2019-08-30 12:50:32][18086:1079231122:1567140632][][2 soft_id:428387 site_id:5577 version:10400]
[2019-08-30 12:52:58][18440:1214654715:1567140778][][2 soft_id:348526 site_id:289 version:20200]
[2019-08-30 12:53:00][17902:398440106:1567140780][][2 soft_id:348526 site_id:289 version:20200]
[2019-08-30 12:53:00][19443:10077629:1567140780][][2 soft_id:348526 site_id:289 version:20200]
[2019-08-30 12:53:00][18525:1082128610:1567140780][][2 soft_id:348526 site_id:289 version:20200]
[2019-08-30 12:53:00][18097:1844821116:1567140780][][2 soft_id:348526 site_id:289 version:20200]
[2019-08-30 12:53:00][16334:2143127068:1567140780][][2 soft_id:348526 site_id:289 version:20200]
[2019-08-30 12:53:01][14638:1589573104:1567140781][][2 soft_id:348526 site_id:289 version:20200]
[2019-08-30 12:53:01][18801:1888940416:1567140781][][2 soft_id:348526 site_id:289 version:20200]
[2019-08-30 12:53:01][17658:1896431420:1567140781][][2 soft_id:348526 site_id:289 version:20200]
[2019-08-30 13:00:04][21151:549295306:1567141204][][2 soft_id:406220 site_id:5577 version:10000]
[2019-08-30 13:00:05][19016:519492278:1567141205][][2 soft_id:406220 site_id:5577 version:10000]
[2019-08-30 13:00:05][17107:2046110790:1567141205][][2 soft_id:406220 site_id:5577 version:10000]
[2019-08-30 13:00:06][16607:1314134200:1567141206][][2 soft_id:406220 site_id:5577 version:10000]
[2019-08-30 13:00:14][18550:1201666175:1567141214][][2 soft_id:902129 site_id:cr173 version:20100]
[2019-08-30 13:04:14][16609:1948426216:1567141454][][2 soft_id:544454 site_id:uzzf version:20100]
[2019-08-30 13:04:15][19201:471805286:1567141455][][2 soft_id:544454 site_id:uzzf version:20100]
[2019-08-30 13:04:16][17107:576473576:1567141456][][2 soft_id:544454 site_id:uzzf version:20100]
[2019-08-30 13:04:16][17223:278188364:1567141456][][2 soft_id:544454 site_id:uzzf version:20100]
[2019-08-30 13:04:16][19644:1961224407:1567141456][][2 soft_id:544454 site_id:uzzf version:20100]
[2019-08-30 13:04:17][17556:725814847:1567141457][][2 soft_id:544454 site_id:uzzf version:20100]
[2019-08-30 13:04:17][18469:1952440882:1567141457][][2 soft_id:544454 site_id:uzzf version:20100]
[2019-08-30 13:04:17][18779:1147472158:1567141457][][2 soft_id:544454 site_id:uzzf version:20100]
[2019-08-30 13:04:18][17553:213799870:1567141458][][2 soft_id:544454 site_id:uzzf version:20100]
[2019-08-30 13:08:40][20315:1743785479:1567141720][][2 soft_id:439627 site_id:5577 version:20200]
[2019-08-30 13:14:18][18931:895906373:1567142058][][2 soft_id:399987 site_id:5577 version:20001]
[2019-08-30 13:14:21][17842:273520659:1567142061][][2 soft_id:399987 site_id:5577 version:20001]
[2019-08-30 13:14:24][16722:781509890:1567142064][][2 soft_id:399987 site_id:5577 version:20001]
[2019-08-30 13:18:48][19535:1327093347:1567142328][][2 soft_id:563656 site_id:hackhome version:20100]
[2019-08-30 13:18:49][19306:163561441:1567142329][][2 soft_id:563656 site_id:hackhome version:20100]
[2019-08-30 13:18:50][18805:848932593:1567142330][][2 soft_id:563656 site_id:hackhome version:20100]
[2019-08-30 13:18:50][17464:951580893:1567142330][][2 soft_id:563656 site_id:hackhome version:20100]
[2019-08-30 13:18:51][18701:1939932314:1567142331][][2 soft_id:563656 site_id:hackhome version:20100]
[2019-08-30 13:18:51][20990:190998053:1567142331][][2 soft_id:563656 site_id:hackhome version:20100]
[2019-08-30 13:18:51][17583:1931951551:1567142331][][2 soft_id:563656 site_id:hackhome version:20100]
[2019-08-30 13:18:51][18415:334155813:1567142331][][2 soft_id:563656 site_id:hackhome version:20100]
[2019-08-30 13:18:51][16562:1890878707:1567142331][][2 soft_id:563656 site_id:hackhome version:20100]
[2019-08-30 13:25:05][18656:1948978095:1567142704][][2 soft_id:534804 site_id:uzzf version:10400]
[2019-08-30 13:25:05][17224:1244635981:1567142705][][2 soft_id:534804 site_id:uzzf version:10400]
[2019-08-30 13:25:06][17980:304671661:1567142706][][2 soft_id:534804 site_id:uzzf version:10400]
[2019-08-30 13:25:06][17587:1360865372:1567142706][][2 soft_id:534804 site_id:uzzf version:10400]
[2019-08-30 13:25:06][21983:228064393:1567142706][][2 soft_id:534804 site_id:uzzf version:10400]
[2019-08-30 13:25:06][21151:789434863:1567142706][][2 soft_id:534804 site_id:uzzf version:10400]
[2019-08-30 13:25:07][16017:1686886999:1567142707][][2 soft_id:534804 site_id:uzzf version:10400]
[2019-08-30 13:25:07][18694:1183615556:1567142707][][2 soft_id:534804 site_id:uzzf version:10400]
[2019-08-30 13:25:07][17556:1783475064:1567142707][][2 soft_id:534804 site_id:uzzf version:10400]
[2019-08-30 13:27:22][18098:1648481772:1567142842][][2 soft_id:431728 site_id:5577 version:20001]
[2019-08-30 13:27:24][20633:857084917:1567142844][][2 soft_id:431728 site_id:5577 version:20001]
[2019-08-30 13:27:24][18509:2040167391:1567142844][][2 soft_id:431728 site_id:5577 version:20001]
[2019-08-30 13:27:25][18542:1362800369:1567142845][][2 soft_id:431728 site_id:5577 version:20001]
[2019-08-30 13:27:25][18532:2020195951:1567142845][][2 soft_id:431728 site_id:5577 version:20001]
[2019-08-30 13:27:25][16722:1875327096:1567142845][][2 soft_id:431728 site_id:5577 version:20001]
[2019-08-30 13:27:25][18525:2110459447:1567142845][][2 soft_id:431728 site_id:5577 version:20001]
[2019-08-30 13:27:25][19535:668249667:1567142845][][2 soft_id:431728 site_id:5577 version:20001]
[2019-08-30 13:27:25][17872:419292710:1567142845][][2 soft_id:431728 site_id:5577 version:20001]
[2019-08-30 13:27:27][18919:1297137738:1567142847][][2 soft_id:431728 site_id:5577 version:20001]
[2019-08-30 13:27:47][19535:756452691:1567142867][][2 soft_id:548055 site_id:uzzf version:20200]
[2019-08-30 13:27:49][18758:516152573:1567142869][][2 soft_id:548055 site_id:uzzf version:20200]
[2019-08-30 13:27:55][18227:327841240:1567142875][][2 soft_id:374808 site_id:5577 version:20100]
[2019-08-30 13:27:57][20876:46058891:1567142877][][2 soft_id:374808 site_id:5577 version:20100]
[2019-08-30 13:27:57][18126:1428352541:1567142877][][2 soft_id:374808 site_id:5577 version:20100]
[2019-08-30 13:27:57][19131:29250494:1567142877][][2 soft_id:374808 site_id:5577 version:20100]
[2019-08-30 13:27:57][17456:364456924:1567142877][][2 soft_id:374808 site_id:5577 version:20100]
[2019-08-30 13:27:57][17798:77590710:1567142877][][2 soft_id:374808 site_id:5577 version:20100]
[2019-08-30 13:27:58][21156:2115580632:1567142878][][2 soft_id:374808 site_id:5577 version:20100]
[2019-08-30 13:27:58][17139:283560417:1567142878][][2 soft_id:374808 site_id:5577 version:20100]
[2019-08-30 13:27:58][19348:898287432:1567142878][][2 soft_id:374808 site_id:5577 version:20100]
[2019-08-30 13:27:59][16609:527644798:1567142879][][2 soft_id:374808 site_id:5577 version:20100]
[2019-08-30 13:32:28][18733:1746027302:1567143148][][2 soft_id:422292 site_id:qqtn version:10000]
[2019-08-30 13:32:29][17316:640963729:1567143149][][2 soft_id:422292 site_id:qqtn version:10000]
[2019-08-30 13:32:30][21509:279182494:1567143150][][2 soft_id:422292 site_id:qqtn version:10000]
[2019-08-30 13:32:30][19201:510813331:1567143150][][2 soft_id:422292 site_id:qqtn version:10000]
[2019-08-30 13:33:02][17553:1214723396:1567143182][][2 soft_id:920509 site_id:cr173 version:20001]
[2019-08-30 13:33:04][18987:1061913036:1567143184][][2 soft_id:920509 site_id:cr173 version:20001]
[2019-08-30 13:33:46][19981:1105610702:1567143226][][2 soft_id:535410 site_id:uzzf version:20001]
[2019-08-30 13:33:48][17835:123606865:1567143228][][2 soft_id:535410 site_id:uzzf version:20001]
[2019-08-30 13:33:51][19623:678367854:1567143231][][2 soft_id:535410 site_id:uzzf version:20001]
[2019-08-30 13:33:51][15336:219236305:1567143231][][2 soft_id:535410 site_id:uzzf version:20001]
[2019-08-30 13:33:51][18086:1757983036:1567143231][][2 soft_id:535410 site_id:uzzf version:20001]
[2019-08-30 13:33:51][16783:969645841:1567143231][][2 soft_id:535410 site_id:uzzf version:20001]
[2019-08-30 13:33:51][19644:292149376:1567143231][][2 soft_id:535410 site_id:uzzf version:20001]
[2019-08-30 13:33:52][20439:552037576:1567143232][][2 soft_id:535410 site_id:uzzf version:20001]
[2019-08-30 13:33:53][19030:1145194428:1567143233][][2 soft_id:535410 site_id:uzzf version:20001]
[2019-08-30 13:36:12][20001:1356640614:1567143372][][2 soft_id:386661 site_id:5577 version:10302]
[2019-08-30 13:38:31][19201:1684157520:1567143511][][2 soft_id:393384 site_id:qqtn version:20200]
[2019-08-30 13:41:17][20875:1440957395:1567143677][][2 soft_id:428640 site_id:5577 version:10400]
[2019-08-30 13:41:17][21580:2025320679:1567143677][][2 soft_id:428640 site_id:5577 version:10400]
[2019-08-30 13:41:19][18532:460372082:1567143679][][2 soft_id:428640 site_id:5577 version:10400]
[2019-08-30 13:41:19][20439:1609493091:1567143679][][2 soft_id:428640 site_id:5577 version:10400]
[2019-08-30 13:41:19][17515:1421051754:1567143679][][2 soft_id:428640 site_id:5577 version:10400]
[2019-08-30 13:41:19][16542:1195612534:1567143679][][2 soft_id:428640 site_id:5577 version:10400]
[2019-08-30 13:41:19][18227:1487523070:1567143679][][2 soft_id:428640 site_id:5577 version:10400]
[2019-08-30 13:41:19][19517:643025479:1567143679][][2 soft_id:428640 site_id:5577 version:10400]
[2019-08-30 13:41:19][16901:1249169419:1567143679][][2 soft_id:428640 site_id:5577 version:10400]
[2019-08-30 13:43:15][20636:889304938:1567143795][][2 soft_id:546851 site_id:uzzf version:20200]
[2019-08-30 13:43:17][18379:164041809:1567143796][][2 soft_id:546851 site_id:uzzf version:20200]
[2019-08-30 13:43:17][15661:1087322738:1567143797][][2 soft_id:546851 site_id:uzzf version:20200]
[2019-08-30 13:43:17][17515:1567633558:1567143797][][2 soft_id:546851 site_id:uzzf version:20200]
[2019-08-30 13:43:17][18227:890432985:1567143797][][2 soft_id:546851 site_id:uzzf version:20200]
[2019-08-30 13:43:17][17342:1960798286:1567143797][][2 soft_id:546851 site_id:uzzf version:20200]
[2019-08-30 13:43:17][17872:1222933071:1567143797][][2 soft_id:546851 site_id:uzzf version:20200]
[2019-08-30 13:43:17][20230:1641898704:1567143797][][2 soft_id:546851 site_id:uzzf version:20200]
[2019-08-30 13:43:18][19016:378411271:1567143798][][2 soft_id:546851 site_id:uzzf version:20200]
[2019-08-30 13:43:20][18550:1351372387:1567143800][][2 soft_id:546851 site_id:uzzf version:20200]
[2019-08-30 13:50:20][18805:1277607267:1567144220][][2 soft_id:439260 site_id:5577 version:20200]
[2019-08-30 13:50:21][17316:1010217463:1567144221][][2 soft_id:439260 site_id:5577 version:20200]
[2019-08-30 13:50:22][19201:1498780046:1567144222][][2 soft_id:439260 site_id:5577 version:20200]
[2019-08-30 13:50:22][22199:2026901386:1567144222][][2 soft_id:439260 site_id:5577 version:20200]
[2019-08-30 13:50:22][17835:134962663:1567144222][][2 soft_id:439260 site_id:5577 version:20200]
[2019-08-30 13:50:22][17148:561115459:1567144222][][2 soft_id:439260 site_id:5577 version:20200]
[2019-08-30 13:50:22][21509:2021309344:1567144222][][2 soft_id:439260 site_id:5577 version:20200]
[2019-08-30 13:50:22][17139:1429582207:1567144222][][2 soft_id:439260 site_id:5577 version:20200]
[2019-08-30 13:50:22][20001:1904088808:1567144222][][2 soft_id:439260 site_id:5577 version:20200]
[2019-08-30 13:50:25][16750:905324293:1567144225][][2 soft_id:439260 site_id:5577 version:20200]
[2019-08-30 13:51:21][16334:2055183846:1567144281][][2 soft_id:538074 site_id:uzzf version:20000]
[2019-08-30 13:51:22][19517:1334055348:1567144282][][2 soft_id:538074 site_id:uzzf version:20000]
[2019-08-30 13:51:23][17902:1139168023:1567144283][][2 soft_id:538074 site_id:uzzf version:20000]
[2019-08-30 13:51:23][16569:2021196562:1567144283][][2 soft_id:538074 site_id:uzzf version:20000]
[2019-08-30 13:51:23][18379:255485628:1567144283][][2 soft_id:538074 site_id:uzzf version:20000]
[2019-08-30 13:51:23][18508:106740585:1567144283][][2 soft_id:538074 site_id:uzzf version:20000]
[2019-08-30 13:51:23][16202:1269873866:1567144283][][2 soft_id:538074 site_id:uzzf version:20000]
[2019-08-30 13:51:23][17980:532906173:1567144283][][2 soft_id:538074 site_id:uzzf version:20000]
[2019-08-30 13:51:23][18919:1835820005:1567144283][][2 soft_id:538074 site_id:uzzf version:20000]
[2019-08-30 13:51:25][18347:1740235996:1567144285][][2 soft_id:538074 site_id:uzzf version:20000]
[2019-08-30 13:51:49][17879:1726580534:1567144309][][2 soft_id:345377 site_id:uzzf version:20200]
[2019-08-30 13:51:53][16547:683023228:1567144313][][2 soft_id:345377 site_id:uzzf version:20200]
[2019-08-30 13:53:34][17225:4110841:1567144414][][2 soft_id:428836 site_id:5577 version:20100]
[2019-08-30 13:54:42][20739:1850199320:1567144482][][2 soft_id:230906 site_id:apk3 version:20200]
[2019-08-30 13:54:42][17777:723904733:1567144482][][2 soft_id:230906 site_id:apk3 version:20200]
[2019-08-30 13:54:43][19032:639415412:1567144483][][2 soft_id:230906 site_id:apk3 version:20200]
[2019-08-30 13:54:43][17965:1446370962:1567144483][][2 soft_id:230906 site_id:apk3 version:20200]
[2019-08-30 13:54:43][17464:364849602:1567144483][][2 soft_id:230906 site_id:apk3 version:20200]
[2019-08-30 13:54:43][18932:910430099:1567144483][][2 soft_id:230906 site_id:apk3 version:20200]
[2019-08-30 13:54:43][18725:995903776:1567144483][][2 soft_id:230906 site_id:apk3 version:20200]
[2019-08-30 13:54:44][20191:1723541143:1567144484][][2 soft_id:230906 site_id:apk3 version:20200]
[2019-08-30 13:54:57][17798:1536869593:1567144497][][2 soft_id:351309 site_id:5577 version:20100]
[2019-08-30 13:54:57][18542:65231556:1567144497][][2 soft_id:351309 site_id:5577 version:20100]
[2019-08-30 13:54:59][16562:242876947:1567144499][][2 soft_id:351309 site_id:5577 version:20100]
[2019-08-30 13:54:59][20875:1833510357:1567144499][][2 soft_id:351309 site_id:5577 version:20100]
[2019-08-30 13:54:59][16542:1029351305:1567144499][][2 soft_id:351309 site_id:5577 version:20100]
[2019-08-30 13:54:59][18932:808107193:1567144499][][2 soft_id:351309 site_id:5577 version:20100]
[2019-08-30 13:54:59][19888:678477381:1567144499][][2 soft_id:351309 site_id:5577 version:20100]
[2019-08-30 13:55:00][19260:292303030:1567144500][][2 soft_id:351309 site_id:5577 version:20100]
[2019-08-30 13:55:00][15661:916942105:1567144500][][2 soft_id:351309 site_id:5577 version:20100]
[2019-08-30 13:55:00][18959:49378602:1567144500][][2 soft_id:351309 site_id:5577 version:20100]
[2019-08-30 14:04:39][19535:1631223356:1567145079][][2 soft_id:536735 site_id:uzzf version:10400]
[2019-08-30 14:06:22][18469:2043485655:1567145182][][2 soft_id:404792 site_id:962 version:20200]
[2019-08-30 14:07:42][18959:1722396628:1567145262][][2 soft_id:362423 site_id:5577 version:10000]
[2019-08-30 14:11:45][15661:185838679:1567145505][][2 soft_id:411793 site_id:5577 version:10000]
[2019-08-30 14:11:47][18540:165832368:1567145506][][2 soft_id:411793 site_id:5577 version:10000]
[2019-08-30 14:11:47][18509:1649481145:1567145507][][2 soft_id:411793 site_id:5577 version:10000]
[2019-08-30 14:11:47][16916:68731790:1567145507][][2 soft_id:411793 site_id:5577 version:10000]
[2019-08-30 14:15:50][20001:855371925:1567145750][][2 soft_id:338170 site_id:289 version:20100]
[2019-08-30 14:15:50][19016:629769352:1567145750][][2 soft_id:338170 site_id:289 version:20100]
[2019-08-30 14:15:52][18550:181111407:1567145752][][2 soft_id:338170 site_id:289 version:20100]
[2019-08-30 14:15:52][17316:1075199968:1567145752][][2 soft_id:338170 site_id:289 version:20100]
[2019-08-30 14:15:53][15231:758465353:1567145753][][2 soft_id:338170 site_id:289 version:20100]
[2019-08-30 14:15:53][16319:1852490244:1567145753][][2 soft_id:338170 site_id:289 version:20100]
[2019-08-30 14:15:53][15475:2019292429:1567145753][][2 soft_id:338170 site_id:289 version:20100]
[2019-08-30 14:15:53][18509:582748382:1567145753][][2 soft_id:338170 site_id:289 version:20100]
[2019-08-30 14:15:53][16660:1222310529:1567145753][][2 soft_id:338170 site_id:289 version:20100]
[2019-08-30 14:15:54][18758:1729758022:1567145754][][2 soft_id:338170 site_id:289 version:20100]
[2019-08-30 14:17:35][19667:995240336:1567145855][][2 soft_id:423232 site_id:qqtn version:10000]
[2019-08-30 14:17:37][21992:941410443:1567145857][][2 soft_id:423232 site_id:qqtn version:10000]
[2019-08-30 14:17:38][21648:894867605:1567145858][][2 soft_id:423232 site_id:qqtn version:10000]
[2019-08-30 14:17:38][18440:613142239:1567145858][][2 soft_id:423232 site_id:qqtn version:10000]
[2019-08-30 14:23:05][18532:1910148507:1567146185][][2 soft_id:118492 site_id:11773 version:20200]
[2019-08-30 14:32:29][23241:86794162:1567146749][][2 soft_id:33072 site_id:youxihezi version:20200]
[2019-08-30 14:32:31][28359:361927422:1567146750][][2 soft_id:33072 site_id:youxihezi version:20200]
[2019-08-30 14:33:55][24282:1246192019:1567146835][][2 soft_id:426122 site_id:5577 version:20200]
[2019-08-30 14:34:00][25013:2113376455:1567146840][][2 soft_id:426122 site_id:5577 version:20200]
[2019-08-30 14:36:11][23720:887344333:1567146971][][2 soft_id:548066 site_id:uzzf version:20200]
[2019-08-30 14:36:33][25073:202401393:1567146993][][2 soft_id:434799 site_id:5577 version:20100]
[2019-08-30 14:36:34][26102:1111549358:1567146994][][2 soft_id:434799 site_id:5577 version:20100]
[2019-08-30 14:36:35][24019:495881666:1567146995][][2 soft_id:434799 site_id:5577 version:20100]
[2019-08-30 14:36:35][25450:1911635330:1567146995][][2 soft_id:434799 site_id:5577 version:20100]
[2019-08-30 14:36:35][24665:1102484027:1567146995][][2 soft_id:434799 site_id:5577 version:20100]
[2019-08-30 14:36:35][26696:1976775848:1567146995][][2 soft_id:434799 site_id:5577 version:20100]
[2019-08-30 14:36:35][27060:1108245152:1567146995][][2 soft_id:434799 site_id:5577 version:20100]
[2019-08-30 14:36:35][24560:1456027094:1567146995][][2 soft_id:434799 site_id:5577 version:20100]
[2019-08-30 14:36:36][25537:1354407786:1567146996][][2 soft_id:434799 site_id:5577 version:20100]
[2019-08-30 14:36:37][25302:1239009164:1567146997][][2 soft_id:434799 site_id:5577 version:20100]
[2019-08-30 14:39:13][24684:103251024:1567147153][][2 soft_id:8181 site_id:ssk version:20200]
[2019-08-30 14:39:21][24256:165332901:1567147161][][2 soft_id:337019 site_id:289 version:10200]
[2019-08-30 14:39:23][25324:548648348:1567147163][][2 soft_id:337019 site_id:289 version:10200]
[2019-08-30 14:39:23][26696:1348092249:1567147163][][2 soft_id:337019 site_id:289 version:10200]
[2019-08-30 14:39:23][23641:1500455452:1567147163][][2 soft_id:337019 site_id:289 version:10200]
[2019-08-30 14:39:23][24710:1037724003:1567147163][][2 soft_id:337019 site_id:289 version:10200]
[2019-08-30 14:39:24][26102:117179312:1567147164][][2 soft_id:337019 site_id:289 version:10200]
[2019-08-30 14:45:15][24566:500838384:1567147514][][2 soft_id:819781 site_id:hackhome version:20200]
[2019-08-30 14:45:19][23300:240687578:1567147518][][2 soft_id:17278 site_id:ssk version:10300]
[2019-08-30 14:45:19][24277:487239649:1567147519][][2 soft_id:17278 site_id:ssk version:10300]
[2019-08-30 14:45:20][27615:1492172489:1567147520][][2 soft_id:819781 site_id:hackhome version:20200]
[2019-08-30 14:45:21][23937:74982808:1567147521][][2 soft_id:819781 site_id:hackhome version:20200]
[2019-08-30 14:45:21][25007:268455216:1567147521][][2 soft_id:819781 site_id:hackhome version:20200]
[2019-08-30 14:45:21][27934:1186124311:1567147521][][2 soft_id:819781 site_id:hackhome version:20200]
[2019-08-30 14:45:21][25058:517457332:1567147521][][2 soft_id:17278 site_id:ssk version:10300]
[2019-08-30 14:45:21][27919:2030228088:1567147521][][2 soft_id:17278 site_id:ssk version:10300]
[2019-08-30 14:45:21][23687:718588982:1567147521][][2 soft_id:17278 site_id:ssk version:10300]
[2019-08-30 14:45:21][24654:1206375167:1567147521][][2 soft_id:819781 site_id:hackhome version:20200]
[2019-08-30 14:45:21][25438:1371284829:1567147521][][2 soft_id:17278 site_id:ssk version:10300]
[2019-08-30 14:45:21][26883:1287211877:1567147521][][2 soft_id:819781 site_id:hackhome version:20200]
[2019-08-30 14:45:21][25894:1101586185:1567147521][][2 soft_id:17278 site_id:ssk version:10300]
[2019-08-30 14:45:22][26486:706786303:1567147522][][2 soft_id:17278 site_id:ssk version:10300]
[2019-08-30 14:45:22][29425:300871963:1567147522][][2 soft_id:819781 site_id:hackhome version:20200]
[2019-08-30 14:45:23][25436:2096103779:1567147523][][2 soft_id:819781 site_id:hackhome version:20200]
[2019-08-30 14:45:26][23321:1506032672:1567147526][][2 soft_id:819781 site_id:hackhome version:20200]
[2019-08-30 14:45:26][27590:1860448013:1567147526][][2 soft_id:819781 site_id:hackhome version:20200]
[2019-08-30 14:45:28][24918:2000480581:1567147528][][2 soft_id:819781 site_id:hackhome version:20200]
[2019-08-30 14:45:28][25745:1474204813:1567147528][][2 soft_id:819781 site_id:hackhome version:20200]
[2019-08-30 14:45:31][26864:312406704:1567147531][][2 soft_id:819781 site_id:hackhome version:20200]
[2019-08-30 14:45:33][24316:1174348338:1567147533][][2 soft_id:819781 site_id:hackhome version:20200]
[2019-08-30 14:45:36][24993:1665436460:1567147536][][2 soft_id:819781 site_id:hackhome version:20200]
[2019-08-30 14:45:39][24958:1686801497:1567147539][][2 soft_id:819781 site_id:hackhome version:20200]
[2019-08-30 14:45:42][25375:616415728:1567147542][][2 soft_id:819781 site_id:hackhome version:20200]
[2019-08-30 14:45:43][23673:1152876343:1567147543][][2 soft_id:819781 site_id:hackhome version:20200]
[2019-08-30 14:45:43][25847:766870724:1567147543][][2 soft_id:819781 site_id:hackhome version:20200]
[2019-08-30 14:45:45][24563:1572613731:1567147545][][2 soft_id:819781 site_id:hackhome version:20200]
[2019-08-30 14:45:46][22987:228979855:1567147546][][2 soft_id:819781 site_id:hackhome version:20200]
[2019-08-30 14:45:52][29118:1961914885:1567147552][][2 soft_id:819781 site_id:hackhome version:20200]
[2019-08-30 14:45:53][25650:1002450366:1567147553][][2 soft_id:819781 site_id:hackhome version:20200]
[2019-08-30 14:45:55][25894:1368698085:1567147555][][2 soft_id:819781 site_id:hackhome version:20200]
[2019-08-30 14:45:59][24993:1785112455:1567147559][][2 soft_id:819781 site_id:hackhome version:20200]
[2019-08-30 14:45:59][25499:1265167205:1567147559][][2 soft_id:819781 site_id:hackhome version:20200]
[2019-08-30 14:46:01][25443:1650989598:1567147561][][2 soft_id:819781 site_id:hackhome version:20200]
[2019-08-30 14:46:03][24241:1166839577:1567147563][][2 soft_id:819781 site_id:hackhome version:20200]
[2019-08-30 14:46:03][24417:399867158:1567147563][][2 soft_id:819781 site_id:hackhome version:20200]
[2019-08-30 14:46:11][23730:2019205092:1567147571][][2 soft_id:819781 site_id:hackhome version:20200]
[2019-08-30 14:46:11][25980:502303160:1567147571][][2 soft_id:819781 site_id:hackhome version:20200]
[2019-08-30 14:47:37][23730:75589154:1567147657][][2 soft_id:343192 site_id:289 version:20200]
[2019-08-30 14:48:35][25171:176632563:1567147715][][2 soft_id:16232 site_id:ssk version:20100]
[2019-08-30 14:48:36][24943:160265034:1567147716][][2 soft_id:16232 site_id:ssk version:20100]
[2019-08-30 14:48:37][23956:1593234713:1567147717][][2 soft_id:16232 site_id:ssk version:20100]
[2019-08-30 14:48:37][24559:541702750:1567147717][][2 soft_id:16232 site_id:ssk version:20100]
[2019-08-30 14:48:37][25913:1703828412:1567147717][][2 soft_id:16232 site_id:ssk version:20100]
[2019-08-30 14:48:37][28047:1312632987:1567147717][][2 soft_id:16232 site_id:ssk version:20100]
[2019-08-30 14:48:37][24391:1062020487:1567147717][][2 soft_id:16232 site_id:ssk version:20100]
[2019-08-30 14:48:37][22987:396316804:1567147717][][2 soft_id:16232 site_id:ssk version:20100]
[2019-08-30 14:48:37][24400:372398802:1567147717][][2 soft_id:16232 site_id:ssk version:20100]
